2022-10-15 15:35:43.636  INFO 6052 --- [restartedMain] com.ali.animeapi.AnimeApiApplication     : Starting AnimeApiApplication using Java 17.0.2 on DESKTOP-RC4QNB6 with PID 6052 (D:\Code\IdeaProjects\anime-api\build\classes\java\main started by Salman in D:\Code\IdeaProjects\anime-api)
2022-10-15 15:35:43.646  INFO 6052 --- [restartedMain] com.ali.animeapi.AnimeApiApplication     : No active profile set, falling back to 1 default profile: "default"
2022-10-15 15:35:43.804  INFO 6052 --- [restartedMain] .e.DevToolsPropertyDefaultsPostProcessor : Devtools property defaults active! Set 'spring.devtools.add-properties' to 'false' to disable
2022-10-15 15:35:43.808  INFO 6052 --- [restartedMain] .e.DevToolsPropertyDefaultsPostProcessor : For additional web related logging consider setting the 'logging.level.web' property to 'DEBUG'
2022-10-15 15:35:45.643  INFO 6052 --- [restartedMain] o.s.b.w.embedded.tomcat.TomcatWebServer  : Tomcat initialized with port(s): 2063 (http)
2022-10-15 15:35:45.659  INFO 6052 --- [restartedMain] o.apache.catalina.core.StandardService   : Starting service [Tomcat]
2022-10-15 15:35:45.660  INFO 6052 --- [restartedMain] org.apache.catalina.core.StandardEngine  : Starting Servlet engine: [Apache Tomcat/9.0.65]
2022-10-15 15:35:45.825  INFO 6052 --- [restartedMain] o.a.c.c.C.[Tomcat].[localhost].[/]       : Initializing Spring embedded WebApplicationContext
2022-10-15 15:35:45.826  INFO 6052 --- [restartedMain] w.s.c.ServletWebServerApplicationContext : Root WebApplicationContext: initialization completed in 2015 ms
2022-10-15 15:35:46.744  INFO 6052 --- [restartedMain] o.s.b.d.a.OptionalLiveReloadServer       : LiveReload server is running on port 35729
2022-10-15 15:35:46.793  INFO 6052 --- [restartedMain] o.s.b.w.embedded.tomcat.TomcatWebServer  : Tomcat started on port(s): 2063 (http) with context path ''
2022-10-15 15:35:46.809  INFO 6052 --- [restartedMain] com.ali.animeapi.AnimeApiApplication     : Started AnimeApiApplication in 3.856 seconds (JVM running for 6.321)
2022-10-15 15:35:52.510  INFO 6052 --- [http-nio-2063-exec-1] o.a.c.c.C.[Tomcat].[localhost].[/]       : Initializing Spring DispatcherServlet 'dispatcherServlet'
2022-10-15 15:35:52.512  INFO 6052 --- [http-nio-2063-exec-1] o.s.web.servlet.DispatcherServlet        : Initializing Servlet 'dispatcherServlet'
2022-10-15 15:35:52.515  INFO 6052 --- [http-nio-2063-exec-1] o.s.web.servlet.DispatcherServlet        : Completed initialization in 2 ms
2022-10-15 15:35:53.530  INFO 6052 --- [http-nio-2063-exec-1] Gogoanime                                : Network: https://gogoanime.dk/kage-no-jitsuryokusha-ni-naritakute-episode-1
2022-10-15 15:35:54.612 ERROR 6052 --- [http-nio-2063-exec-1] o.a.c.c.C.[.[.[/].[dispatcherServlet]    : Servlet.service() for servlet [dispatcherServlet] in context with path [] threw exception [Request processing failed; nested exception is java.lang.IllegalArgumentException: Expected URL scheme 'http' or 'https' but no scheme was found for ] with root cause

java.lang.IllegalArgumentException: Expected URL scheme 'http' or 'https' but no scheme was found for 
	at okhttp3.HttpUrl$Builder.parse$okhttp(HttpUrl.kt:1261) ~[okhttp-4.10.0.jar:na]
	at okhttp3.HttpUrl$Companion.get(HttpUrl.kt:1634) ~[okhttp-4.10.0.jar:na]
	at okhttp3.Request$Builder.url(Request.kt:184) ~[okhttp-4.10.0.jar:na]
	at com.ali.animeapi.utils.Network.GET(Network.java:27) ~[main/:na]
	at com.ali.animeapi.sources.gogoanime.Gogoanime.getEpisode(Gogoanime.java:158) ~[main/:na]
	at com.ali.animeapi.sources.AnimeSource.getAnimeEpisode(AnimeSource.java:57) ~[main/:na]
	at com.ali.animeapi.AnimeApiApplication.episode(AnimeApiApplication.java:53) ~[main/:na]
	at java.base/jdk.internal.reflect.NativeMethodAccessorImpl.invoke0(Native Method) ~[na:na]
	at java.base/jdk.internal.reflect.NativeMethodAccessorImpl.invoke(NativeMethodAccessorImpl.java:77) ~[na:na]
	at java.base/jdk.internal.reflect.DelegatingMethodAccessorImpl.invoke(DelegatingMethodAccessorImpl.java:43) ~[na:na]
	at java.base/java.lang.reflect.Method.invoke(Method.java:568) ~[na:na]
	at org.springframework.web.method.support.InvocableHandlerMethod.doInvoke(InvocableHandlerMethod.java:205) ~[spring-web-5.3.23.jar:5.3.23]
	at org.springframework.web.method.support.InvocableHandlerMethod.invokeForRequest(InvocableHandlerMethod.java:150) ~[spring-web-5.3.23.jar:5.3.23]
	at org.springframework.web.servlet.mvc.method.annotation.ServletInvocableHandlerMethod.invokeAndHandle(ServletInvocableHandlerMethod.java:117) ~[spring-webmvc-5.3.23.jar:5.3.23]
	at org.springframework.web.servlet.mvc.method.annotation.RequestMappingHandlerAdapter.invokeHandlerMethod(RequestMappingHandlerAdapter.java:895) ~[spring-webmvc-5.3.23.jar:5.3.23]
	at org.springframework.web.servlet.mvc.method.annotation.RequestMappingHandlerAdapter.handleInternal(RequestMappingHandlerAdapter.java:808) ~[spring-webmvc-5.3.23.jar:5.3.23]
	at org.springframework.web.servlet.mvc.method.AbstractHandlerMethodAdapter.handle(AbstractHandlerMethodAdapter.java:87) ~[spring-webmvc-5.3.23.jar:5.3.23]
	at org.springframework.web.servlet.DispatcherServlet.doDispatch(DispatcherServlet.java:1071) ~[spring-webmvc-5.3.23.jar:5.3.23]
	at org.springframework.web.servlet.DispatcherServlet.doService(DispatcherServlet.java:964) ~[spring-webmvc-5.3.23.jar:5.3.23]
	at org.springframework.web.servlet.FrameworkServlet.processRequest(FrameworkServlet.java:1006) ~[spring-webmvc-5.3.23.jar:5.3.23]
	at org.springframework.web.servlet.FrameworkServlet.doGet(FrameworkServlet.java:898) ~[spring-webmvc-5.3.23.jar:5.3.23]
	at javax.servlet.http.HttpServlet.service(HttpServlet.java:655) ~[tomcat-embed-core-9.0.65.jar:4.0.FR]
	at org.springframework.web.servlet.FrameworkServlet.service(FrameworkServlet.java:883) ~[spring-webmvc-5.3.23.jar:5.3.23]
	at javax.servlet.http.HttpServlet.service(HttpServlet.java:764) ~[tomcat-embed-core-9.0.65.jar:4.0.FR]
	at org.apache.catalina.core.ApplicationFilterChain.internalDoFilter(ApplicationFilterChain.java:227) ~[tomcat-embed-core-9.0.65.jar:9.0.65]
	at org.apache.catalina.core.ApplicationFilterChain.doFilter(ApplicationFilterChain.java:162) ~[tomcat-embed-core-9.0.65.jar:9.0.65]
	at org.apache.tomcat.websocket.server.WsFilter.doFilter(WsFilter.java:53) ~[tomcat-embed-websocket-9.0.65.jar:9.0.65]
	at org.apache.catalina.core.ApplicationFilterChain.internalDoFilter(ApplicationFilterChain.java:189) ~[tomcat-embed-core-9.0.65.jar:9.0.65]
	at org.apache.catalina.core.ApplicationFilterChain.doFilter(ApplicationFilterChain.java:162) ~[tomcat-embed-core-9.0.65.jar:9.0.65]
	at org.springframework.web.filter.RequestContextFilter.doFilterInternal(RequestContextFilter.java:100) ~[spring-web-5.3.23.jar:5.3.23]
	at org.springframework.web.filter.OncePerRequestFilter.doFilter(OncePerRequestFilter.java:117) ~[spring-web-5.3.23.jar:5.3.23]
	at org.apache.catalina.core.ApplicationFilterChain.internalDoFilter(ApplicationFilterChain.java:189) ~[tomcat-embed-core-9.0.65.jar:9.0.65]
	at org.apache.catalina.core.ApplicationFilterChain.doFilter(ApplicationFilterChain.java:162) ~[tomcat-embed-core-9.0.65.jar:9.0.65]
	at org.springframework.web.filter.FormContentFilter.doFilterInternal(FormContentFilter.java:93) ~[spring-web-5.3.23.jar:5.3.23]
	at org.springframework.web.filter.OncePerRequestFilter.doFilter(OncePerRequestFilter.java:117) ~[spring-web-5.3.23.jar:5.3.23]
	at org.apache.catalina.core.ApplicationFilterChain.internalDoFilter(ApplicationFilterChain.java:189) ~[tomcat-embed-core-9.0.65.jar:9.0.65]
	at org.apache.catalina.core.ApplicationFilterChain.doFilter(ApplicationFilterChain.java:162) ~[tomcat-embed-core-9.0.65.jar:9.0.65]
	at org.springframework.web.filter.CharacterEncodingFilter.doFilterInternal(CharacterEncodingFilter.java:201) ~[spring-web-5.3.23.jar:5.3.23]
	at org.springframework.web.filter.OncePerRequestFilter.doFilter(OncePerRequestFilter.java:117) ~[spring-web-5.3.23.jar:5.3.23]
	at org.apache.catalina.core.ApplicationFilterChain.internalDoFilter(ApplicationFilterChain.java:189) ~[tomcat-embed-core-9.0.65.jar:9.0.65]
	at org.apache.catalina.core.ApplicationFilterChain.doFilter(ApplicationFilterChain.java:162) ~[tomcat-embed-core-9.0.65.jar:9.0.65]
	at org.apache.catalina.core.StandardWrapperValve.invoke(StandardWrapperValve.java:197) ~[tomcat-embed-core-9.0.65.jar:9.0.65]
	at org.apache.catalina.core.StandardContextValve.invoke(StandardContextValve.java:97) ~[tomcat-embed-core-9.0.65.jar:9.0.65]
	at org.apache.catalina.authenticator.AuthenticatorBase.invoke(AuthenticatorBase.java:541) ~[tomcat-embed-core-9.0.65.jar:9.0.65]
	at org.apache.catalina.core.StandardHostValve.invoke(StandardHostValve.java:135) ~[tomcat-embed-core-9.0.65.jar:9.0.65]
	at org.apache.catalina.valves.ErrorReportValve.invoke(ErrorReportValve.java:92) ~[tomcat-embed-core-9.0.65.jar:9.0.65]
	at org.apache.catalina.core.StandardEngineValve.invoke(StandardEngineValve.java:78) ~[tomcat-embed-core-9.0.65.jar:9.0.65]
	at org.apache.catalina.connector.CoyoteAdapter.service(CoyoteAdapter.java:360) ~[tomcat-embed-core-9.0.65.jar:9.0.65]
	at org.apache.coyote.http11.Http11Processor.service(Http11Processor.java:399) ~[tomcat-embed-core-9.0.65.jar:9.0.65]
	at org.apache.coyote.AbstractProcessorLight.process(AbstractProcessorLight.java:65) ~[tomcat-embed-core-9.0.65.jar:9.0.65]
	at org.apache.coyote.AbstractProtocol$ConnectionHandler.process(AbstractProtocol.java:890) ~[tomcat-embed-core-9.0.65.jar:9.0.65]
	at org.apache.tomcat.util.net.NioEndpoint$SocketProcessor.doRun(NioEndpoint.java:1789) ~[tomcat-embed-core-9.0.65.jar:9.0.65]
	at org.apache.tomcat.util.net.SocketProcessorBase.run(SocketProcessorBase.java:49) ~[tomcat-embed-core-9.0.65.jar:9.0.65]
	at org.apache.tomcat.util.threads.ThreadPoolExecutor.runWorker(ThreadPoolExecutor.java:1191) ~[tomcat-embed-core-9.0.65.jar:9.0.65]
	at org.apache.tomcat.util.threads.ThreadPoolExecutor$Worker.run(ThreadPoolExecutor.java:659) ~[tomcat-embed-core-9.0.65.jar:9.0.65]
	at org.apache.tomcat.util.threads.TaskThread$WrappingRunnable.run(TaskThread.java:61) ~[tomcat-embed-core-9.0.65.jar:9.0.65]
	at java.base/java.lang.Thread.run(Thread.java:833) ~[na:na]

2022-10-15 15:38:01.051  INFO 9984 --- [restartedMain] com.ali.animeapi.AnimeApiApplication     : Starting AnimeApiApplication using Java 17.0.2 on DESKTOP-RC4QNB6 with PID 9984 (D:\Code\IdeaProjects\anime-api\build\classes\java\main started by Salman in D:\Code\IdeaProjects\anime-api)
2022-10-15 15:38:01.054  INFO 9984 --- [restartedMain] com.ali.animeapi.AnimeApiApplication     : No active profile set, falling back to 1 default profile: "default"
2022-10-15 15:38:01.145  INFO 9984 --- [restartedMain] .e.DevToolsPropertyDefaultsPostProcessor : Devtools property defaults active! Set 'spring.devtools.add-properties' to 'false' to disable
2022-10-15 15:38:01.145  INFO 9984 --- [restartedMain] .e.DevToolsPropertyDefaultsPostProcessor : For additional web related logging consider setting the 'logging.level.web' property to 'DEBUG'
2022-10-15 15:38:02.455  INFO 9984 --- [restartedMain] o.s.b.w.embedded.tomcat.TomcatWebServer  : Tomcat initialized with port(s): 2063 (http)
2022-10-15 15:38:02.470  INFO 9984 --- [restartedMain] o.apache.catalina.core.StandardService   : Starting service [Tomcat]
2022-10-15 15:38:02.472  INFO 9984 --- [restartedMain] org.apache.catalina.core.StandardEngine  : Starting Servlet engine: [Apache Tomcat/9.0.65]
2022-10-15 15:38:02.609  INFO 9984 --- [restartedMain] o.a.c.c.C.[Tomcat].[localhost].[/]       : Initializing Spring embedded WebApplicationContext
2022-10-15 15:38:02.609  INFO 9984 --- [restartedMain] w.s.c.ServletWebServerApplicationContext : Root WebApplicationContext: initialization completed in 1463 ms
2022-10-15 15:38:03.362  INFO 9984 --- [restartedMain] o.s.b.d.a.OptionalLiveReloadServer       : LiveReload server is running on port 35729
2022-10-15 15:38:03.406  INFO 9984 --- [restartedMain] o.s.b.w.embedded.tomcat.TomcatWebServer  : Tomcat started on port(s): 2063 (http) with context path ''
2022-10-15 15:38:03.422  INFO 9984 --- [restartedMain] com.ali.animeapi.AnimeApiApplication     : Started AnimeApiApplication in 2.887 seconds (JVM running for 4.578)
2022-10-15 15:38:09.902  INFO 9984 --- [http-nio-2063-exec-2] o.a.c.c.C.[Tomcat].[localhost].[/]       : Initializing Spring DispatcherServlet 'dispatcherServlet'
2022-10-15 15:38:09.902  INFO 9984 --- [http-nio-2063-exec-2] o.s.web.servlet.DispatcherServlet        : Initializing Servlet 'dispatcherServlet'
2022-10-15 15:38:09.903  INFO 9984 --- [http-nio-2063-exec-2] o.s.web.servlet.DispatcherServlet        : Completed initialization in 0 ms
2022-10-15 15:38:10.652  INFO 9984 --- [http-nio-2063-exec-2] Gogoanime                                : Network: https://gogoanime.dk/kage-no-jitsuryokusha-ni-naritakute-episode-1
2022-10-15 15:38:11.537 ERROR 9984 --- [http-nio-2063-exec-2] o.a.c.c.C.[.[.[/].[dispatcherServlet]    : Servlet.service() for servlet [dispatcherServlet] in context with path [] threw exception [Request processing failed; nested exception is java.lang.IllegalArgumentException: Expected URL scheme 'http' or 'https' but no scheme was found for gogohd...] with root cause

java.lang.IllegalArgumentException: Expected URL scheme 'http' or 'https' but no scheme was found for gogohd...
	at okhttp3.HttpUrl$Builder.parse$okhttp(HttpUrl.kt:1261) ~[okhttp-4.10.0.jar:na]
	at okhttp3.HttpUrl$Companion.get(HttpUrl.kt:1634) ~[okhttp-4.10.0.jar:na]
	at okhttp3.Request$Builder.url(Request.kt:184) ~[okhttp-4.10.0.jar:na]
	at com.ali.animeapi.utils.Network.GET(Network.java:27) ~[main/:na]
	at com.ali.animeapi.sources.gogoanime.Gogoanime.getEpisode(Gogoanime.java:158) ~[main/:na]
	at com.ali.animeapi.sources.AnimeSource.getAnimeEpisode(AnimeSource.java:57) ~[main/:na]
	at com.ali.animeapi.AnimeApiApplication.episode(AnimeApiApplication.java:53) ~[main/:na]
	at java.base/jdk.internal.reflect.NativeMethodAccessorImpl.invoke0(Native Method) ~[na:na]
	at java.base/jdk.internal.reflect.NativeMethodAccessorImpl.invoke(NativeMethodAccessorImpl.java:77) ~[na:na]
	at java.base/jdk.internal.reflect.DelegatingMethodAccessorImpl.invoke(DelegatingMethodAccessorImpl.java:43) ~[na:na]
	at java.base/java.lang.reflect.Method.invoke(Method.java:568) ~[na:na]
	at org.springframework.web.method.support.InvocableHandlerMethod.doInvoke(InvocableHandlerMethod.java:205) ~[spring-web-5.3.23.jar:5.3.23]
	at org.springframework.web.method.support.InvocableHandlerMethod.invokeForRequest(InvocableHandlerMethod.java:150) ~[spring-web-5.3.23.jar:5.3.23]
	at org.springframework.web.servlet.mvc.method.annotation.ServletInvocableHandlerMethod.invokeAndHandle(ServletInvocableHandlerMethod.java:117) ~[spring-webmvc-5.3.23.jar:5.3.23]
	at org.springframework.web.servlet.mvc.method.annotation.RequestMappingHandlerAdapter.invokeHandlerMethod(RequestMappingHandlerAdapter.java:895) ~[spring-webmvc-5.3.23.jar:5.3.23]
	at org.springframework.web.servlet.mvc.method.annotation.RequestMappingHandlerAdapter.handleInternal(RequestMappingHandlerAdapter.java:808) ~[spring-webmvc-5.3.23.jar:5.3.23]
	at org.springframework.web.servlet.mvc.method.AbstractHandlerMethodAdapter.handle(AbstractHandlerMethodAdapter.java:87) ~[spring-webmvc-5.3.23.jar:5.3.23]
	at org.springframework.web.servlet.DispatcherServlet.doDispatch(DispatcherServlet.java:1071) ~[spring-webmvc-5.3.23.jar:5.3.23]
	at org.springframework.web.servlet.DispatcherServlet.doService(DispatcherServlet.java:964) ~[spring-webmvc-5.3.23.jar:5.3.23]
	at org.springframework.web.servlet.FrameworkServlet.processRequest(FrameworkServlet.java:1006) ~[spring-webmvc-5.3.23.jar:5.3.23]
	at org.springframework.web.servlet.FrameworkServlet.doGet(FrameworkServlet.java:898) ~[spring-webmvc-5.3.23.jar:5.3.23]
	at javax.servlet.http.HttpServlet.service(HttpServlet.java:655) ~[tomcat-embed-core-9.0.65.jar:4.0.FR]
	at org.springframework.web.servlet.FrameworkServlet.service(FrameworkServlet.java:883) ~[spring-webmvc-5.3.23.jar:5.3.23]
	at javax.servlet.http.HttpServlet.service(HttpServlet.java:764) ~[tomcat-embed-core-9.0.65.jar:4.0.FR]
	at org.apache.catalina.core.ApplicationFilterChain.internalDoFilter(ApplicationFilterChain.java:227) ~[tomcat-embed-core-9.0.65.jar:9.0.65]
	at org.apache.catalina.core.ApplicationFilterChain.doFilter(ApplicationFilterChain.java:162) ~[tomcat-embed-core-9.0.65.jar:9.0.65]
	at org.apache.tomcat.websocket.server.WsFilter.doFilter(WsFilter.java:53) ~[tomcat-embed-websocket-9.0.65.jar:9.0.65]
	at org.apache.catalina.core.ApplicationFilterChain.internalDoFilter(ApplicationFilterChain.java:189) ~[tomcat-embed-core-9.0.65.jar:9.0.65]
	at org.apache.catalina.core.ApplicationFilterChain.doFilter(ApplicationFilterChain.java:162) ~[tomcat-embed-core-9.0.65.jar:9.0.65]
	at org.springframework.web.filter.RequestContextFilter.doFilterInternal(RequestContextFilter.java:100) ~[spring-web-5.3.23.jar:5.3.23]
	at org.springframework.web.filter.OncePerRequestFilter.doFilter(OncePerRequestFilter.java:117) ~[spring-web-5.3.23.jar:5.3.23]
	at org.apache.catalina.core.ApplicationFilterChain.internalDoFilter(ApplicationFilterChain.java:189) ~[tomcat-embed-core-9.0.65.jar:9.0.65]
	at org.apache.catalina.core.ApplicationFilterChain.doFilter(ApplicationFilterChain.java:162) ~[tomcat-embed-core-9.0.65.jar:9.0.65]
	at org.springframework.web.filter.FormContentFilter.doFilterInternal(FormContentFilter.java:93) ~[spring-web-5.3.23.jar:5.3.23]
	at org.springframework.web.filter.OncePerRequestFilter.doFilter(OncePerRequestFilter.java:117) ~[spring-web-5.3.23.jar:5.3.23]
	at org.apache.catalina.core.ApplicationFilterChain.internalDoFilter(ApplicationFilterChain.java:189) ~[tomcat-embed-core-9.0.65.jar:9.0.65]
	at org.apache.catalina.core.ApplicationFilterChain.doFilter(ApplicationFilterChain.java:162) ~[tomcat-embed-core-9.0.65.jar:9.0.65]
	at org.springframework.web.filter.CharacterEncodingFilter.doFilterInternal(CharacterEncodingFilter.java:201) ~[spring-web-5.3.23.jar:5.3.23]
	at org.springframework.web.filter.OncePerRequestFilter.doFilter(OncePerRequestFilter.java:117) ~[spring-web-5.3.23.jar:5.3.23]
	at org.apache.catalina.core.ApplicationFilterChain.internalDoFilter(ApplicationFilterChain.java:189) ~[tomcat-embed-core-9.0.65.jar:9.0.65]
	at org.apache.catalina.core.ApplicationFilterChain.doFilter(ApplicationFilterChain.java:162) ~[tomcat-embed-core-9.0.65.jar:9.0.65]
	at org.apache.catalina.core.StandardWrapperValve.invoke(StandardWrapperValve.java:197) ~[tomcat-embed-core-9.0.65.jar:9.0.65]
	at org.apache.catalina.core.StandardContextValve.invoke(StandardContextValve.java:97) ~[tomcat-embed-core-9.0.65.jar:9.0.65]
	at org.apache.catalina.authenticator.AuthenticatorBase.invoke(AuthenticatorBase.java:541) ~[tomcat-embed-core-9.0.65.jar:9.0.65]
	at org.apache.catalina.core.StandardHostValve.invoke(StandardHostValve.java:135) ~[tomcat-embed-core-9.0.65.jar:9.0.65]
	at org.apache.catalina.valves.ErrorReportValve.invoke(ErrorReportValve.java:92) ~[tomcat-embed-core-9.0.65.jar:9.0.65]
	at org.apache.catalina.core.StandardEngineValve.invoke(StandardEngineValve.java:78) ~[tomcat-embed-core-9.0.65.jar:9.0.65]
	at org.apache.catalina.connector.CoyoteAdapter.service(CoyoteAdapter.java:360) ~[tomcat-embed-core-9.0.65.jar:9.0.65]
	at org.apache.coyote.http11.Http11Processor.service(Http11Processor.java:399) ~[tomcat-embed-core-9.0.65.jar:9.0.65]
	at org.apache.coyote.AbstractProcessorLight.process(AbstractProcessorLight.java:65) ~[tomcat-embed-core-9.0.65.jar:9.0.65]
	at org.apache.coyote.AbstractProtocol$ConnectionHandler.process(AbstractProtocol.java:890) ~[tomcat-embed-core-9.0.65.jar:9.0.65]
	at org.apache.tomcat.util.net.NioEndpoint$SocketProcessor.doRun(NioEndpoint.java:1789) ~[tomcat-embed-core-9.0.65.jar:9.0.65]
	at org.apache.tomcat.util.net.SocketProcessorBase.run(SocketProcessorBase.java:49) ~[tomcat-embed-core-9.0.65.jar:9.0.65]
	at org.apache.tomcat.util.threads.ThreadPoolExecutor.runWorker(ThreadPoolExecutor.java:1191) ~[tomcat-embed-core-9.0.65.jar:9.0.65]
	at org.apache.tomcat.util.threads.ThreadPoolExecutor$Worker.run(ThreadPoolExecutor.java:659) ~[tomcat-embed-core-9.0.65.jar:9.0.65]
	at org.apache.tomcat.util.threads.TaskThread$WrappingRunnable.run(TaskThread.java:61) ~[tomcat-embed-core-9.0.65.jar:9.0.65]
	at java.base/java.lang.Thread.run(Thread.java:833) ~[na:na]

2022-10-15 15:38:55.882  INFO 10596 --- [restartedMain] com.ali.animeapi.AnimeApiApplication     : Starting AnimeApiApplication using Java 17.0.2 on DESKTOP-RC4QNB6 with PID 10596 (D:\Code\IdeaProjects\anime-api\build\classes\java\main started by Salman in D:\Code\IdeaProjects\anime-api)
2022-10-15 15:38:55.884  INFO 10596 --- [restartedMain] com.ali.animeapi.AnimeApiApplication     : No active profile set, falling back to 1 default profile: "default"
2022-10-15 15:38:55.966  INFO 10596 --- [restartedMain] .e.DevToolsPropertyDefaultsPostProcessor : Devtools property defaults active! Set 'spring.devtools.add-properties' to 'false' to disable
2022-10-15 15:38:55.966  INFO 10596 --- [restartedMain] .e.DevToolsPropertyDefaultsPostProcessor : For additional web related logging consider setting the 'logging.level.web' property to 'DEBUG'
2022-10-15 15:38:57.273  INFO 10596 --- [restartedMain] o.s.b.w.embedded.tomcat.TomcatWebServer  : Tomcat initialized with port(s): 2063 (http)
2022-10-15 15:38:57.285  INFO 10596 --- [restartedMain] o.apache.catalina.core.StandardService   : Starting service [Tomcat]
2022-10-15 15:38:57.286  INFO 10596 --- [restartedMain] org.apache.catalina.core.StandardEngine  : Starting Servlet engine: [Apache Tomcat/9.0.65]
2022-10-15 15:38:57.410  INFO 10596 --- [restartedMain] o.a.c.c.C.[Tomcat].[localhost].[/]       : Initializing Spring embedded WebApplicationContext
2022-10-15 15:38:57.411  INFO 10596 --- [restartedMain] w.s.c.ServletWebServerApplicationContext : Root WebApplicationContext: initialization completed in 1444 ms
2022-10-15 15:38:58.289  INFO 10596 --- [restartedMain] o.s.b.d.a.OptionalLiveReloadServer       : LiveReload server is running on port 35729
2022-10-15 15:38:58.335  INFO 10596 --- [restartedMain] o.s.b.w.embedded.tomcat.TomcatWebServer  : Tomcat started on port(s): 2063 (http) with context path ''
2022-10-15 15:38:58.349  INFO 10596 --- [restartedMain] com.ali.animeapi.AnimeApiApplication     : Started AnimeApiApplication in 2.991 seconds (JVM running for 4.219)
2022-10-15 15:39:04.010  INFO 10596 --- [http-nio-2063-exec-2] o.a.c.c.C.[Tomcat].[localhost].[/]       : Initializing Spring DispatcherServlet 'dispatcherServlet'
2022-10-15 15:39:04.016  INFO 10596 --- [http-nio-2063-exec-2] o.s.web.servlet.DispatcherServlet        : Initializing Servlet 'dispatcherServlet'
2022-10-15 15:39:04.303  INFO 10596 --- [http-nio-2063-exec-2] o.s.web.servlet.DispatcherServlet        : Completed initialization in 286 ms
2022-10-15 15:39:05.186  INFO 10596 --- [http-nio-2063-exec-2] Gogoanime                                : Network: https://gogoanime.dk/kage-no-jitsuryokusha-ni-naritakute-episode-1
2022-10-15 15:39:08.226  INFO 10596 --- [http-nio-2063-exec-2] Gogoanime                                : Network: https://gogohd.net/embedplus?id=MTkzMjg0&token=rJ_6cKbuLjlRqGUfAWPgfg&expires=1665834996
2022-10-15 15:43:30.793  INFO 924 --- [restartedMain] com.ali.animeapi.AnimeApiApplication     : Starting AnimeApiApplication using Java 17.0.2 on DESKTOP-RC4QNB6 with PID 924 (D:\Code\IdeaProjects\anime-api\build\classes\java\main started by Salman in D:\Code\IdeaProjects\anime-api)
2022-10-15 15:43:30.795  INFO 924 --- [restartedMain] com.ali.animeapi.AnimeApiApplication     : No active profile set, falling back to 1 default profile: "default"
2022-10-15 15:43:30.872  INFO 924 --- [restartedMain] .e.DevToolsPropertyDefaultsPostProcessor : Devtools property defaults active! Set 'spring.devtools.add-properties' to 'false' to disable
2022-10-15 15:43:30.872  INFO 924 --- [restartedMain] .e.DevToolsPropertyDefaultsPostProcessor : For additional web related logging consider setting the 'logging.level.web' property to 'DEBUG'
2022-10-15 15:43:32.817  INFO 924 --- [restartedMain] o.s.b.w.embedded.tomcat.TomcatWebServer  : Tomcat initialized with port(s): 2063 (http)
2022-10-15 15:43:32.839  INFO 924 --- [restartedMain] o.apache.catalina.core.StandardService   : Starting service [Tomcat]
2022-10-15 15:43:32.840  INFO 924 --- [restartedMain] org.apache.catalina.core.StandardEngine  : Starting Servlet engine: [Apache Tomcat/9.0.65]
2022-10-15 15:43:33.164  INFO 924 --- [restartedMain] o.a.c.c.C.[Tomcat].[localhost].[/]       : Initializing Spring embedded WebApplicationContext
2022-10-15 15:43:33.166  INFO 924 --- [restartedMain] w.s.c.ServletWebServerApplicationContext : Root WebApplicationContext: initialization completed in 2292 ms
2022-10-15 15:43:35.029  INFO 924 --- [restartedMain] o.s.b.d.a.OptionalLiveReloadServer       : LiveReload server is running on port 35729
2022-10-15 15:43:35.110  INFO 924 --- [restartedMain] o.s.b.w.embedded.tomcat.TomcatWebServer  : Tomcat started on port(s): 2063 (http) with context path ''
2022-10-15 15:43:35.126  INFO 924 --- [restartedMain] com.ali.animeapi.AnimeApiApplication     : Started AnimeApiApplication in 4.861 seconds (JVM running for 6.079)
2022-10-15 15:43:36.092  INFO 924 --- [http-nio-2063-exec-2] o.a.c.c.C.[Tomcat].[localhost].[/]       : Initializing Spring DispatcherServlet 'dispatcherServlet'
2022-10-15 15:43:36.093  INFO 924 --- [http-nio-2063-exec-2] o.s.web.servlet.DispatcherServlet        : Initializing Servlet 'dispatcherServlet'
2022-10-15 15:43:36.102  INFO 924 --- [http-nio-2063-exec-2] o.s.web.servlet.DispatcherServlet        : Completed initialization in 8 ms
2022-10-15 15:43:38.225  INFO 924 --- [http-nio-2063-exec-2] Gogoanime                                : Network: https://gogoanime.dk/kage-no-jitsuryokusha-ni-naritakute-episode-1
2022-10-15 15:43:40.071  INFO 924 --- [http-nio-2063-exec-2] Gogoanime                                : Network: https://gogohd.net/embedplus?id=MTkzMjg0&token=pjLffZ3u7l89ZhRcDJ1HUg&expires=1665835269
2022-10-15 15:50:17.492  INFO 924 --- [http-nio-2063-exec-5] Gogoanime                                : Network: https://gogoanime.dk/kage-no-jitsuryokusha-ni-naritakute-episode-1
2022-10-15 15:50:17.885  INFO 924 --- [http-nio-2063-exec-5] Gogoanime                                : Network: https://gogohd.net/embedplus?id=MTkzMjg0&token=fJo7meBmqZt8xq_7myWd1w&expires=1665835668
2022-10-15 16:00:44.867  INFO 12484 --- [restartedMain] com.ali.animeapi.AnimeApiApplication     : Starting AnimeApiApplication using Java 17.0.2 on DESKTOP-RC4QNB6 with PID 12484 (D:\Code\IdeaProjects\anime-api\build\classes\java\main started by Salman in D:\Code\IdeaProjects\anime-api)
2022-10-15 16:00:44.869  INFO 12484 --- [restartedMain] com.ali.animeapi.AnimeApiApplication     : No active profile set, falling back to 1 default profile: "default"
2022-10-15 16:00:44.953  INFO 12484 --- [restartedMain] .e.DevToolsPropertyDefaultsPostProcessor : Devtools property defaults active! Set 'spring.devtools.add-properties' to 'false' to disable
2022-10-15 16:00:44.954  INFO 12484 --- [restartedMain] .e.DevToolsPropertyDefaultsPostProcessor : For additional web related logging consider setting the 'logging.level.web' property to 'DEBUG'
2022-10-15 16:00:46.268  INFO 12484 --- [restartedMain] o.s.b.w.embedded.tomcat.TomcatWebServer  : Tomcat initialized with port(s): 2063 (http)
2022-10-15 16:00:46.280  INFO 12484 --- [restartedMain] o.apache.catalina.core.StandardService   : Starting service [Tomcat]
2022-10-15 16:00:46.280  INFO 12484 --- [restartedMain] org.apache.catalina.core.StandardEngine  : Starting Servlet engine: [Apache Tomcat/9.0.65]
2022-10-15 16:00:46.414  INFO 12484 --- [restartedMain] o.a.c.c.C.[Tomcat].[localhost].[/]       : Initializing Spring embedded WebApplicationContext
2022-10-15 16:00:46.414  INFO 12484 --- [restartedMain] w.s.c.ServletWebServerApplicationContext : Root WebApplicationContext: initialization completed in 1459 ms
2022-10-15 16:00:47.312  INFO 12484 --- [restartedMain] o.s.b.d.a.OptionalLiveReloadServer       : LiveReload server is running on port 35729
2022-10-15 16:00:47.360  INFO 12484 --- [restartedMain] o.s.b.w.embedded.tomcat.TomcatWebServer  : Tomcat started on port(s): 2063 (http) with context path ''
2022-10-15 16:00:47.380  INFO 12484 --- [restartedMain] com.ali.animeapi.AnimeApiApplication     : Started AnimeApiApplication in 3.077 seconds (JVM running for 4.134)
2022-10-15 16:00:54.434  INFO 12484 --- [http-nio-2063-exec-1] o.a.c.c.C.[Tomcat].[localhost].[/]       : Initializing Spring DispatcherServlet 'dispatcherServlet'
2022-10-15 16:00:54.434  INFO 12484 --- [http-nio-2063-exec-1] o.s.web.servlet.DispatcherServlet        : Initializing Servlet 'dispatcherServlet'
2022-10-15 16:00:54.436  INFO 12484 --- [http-nio-2063-exec-1] o.s.web.servlet.DispatcherServlet        : Completed initialization in 1 ms
2022-10-15 16:00:55.473  INFO 12484 --- [http-nio-2063-exec-1] Gogoanime                                : Network: https://gogoanime.dk/kage-no-jitsuryokusha-ni-naritakute-episode-1
2022-10-15 16:00:55.989  INFO 12484 --- [http-nio-2063-exec-1] Gogoanime                                : Network: https://gogohd.net/embedplus?id=MTkzMjg0&token=G4BFeddR4kTsMvBnQyNRZw&expires=1665836306
2022-10-15 16:09:18.518  INFO 9484 --- [restartedMain] com.ali.animeapi.AnimeApiApplication     : Starting AnimeApiApplication using Java 17.0.2 on DESKTOP-RC4QNB6 with PID 9484 (D:\Code\IdeaProjects\anime-api\build\classes\java\main started by Salman in D:\Code\IdeaProjects\anime-api)
2022-10-15 16:09:18.520  INFO 9484 --- [restartedMain] com.ali.animeapi.AnimeApiApplication     : No active profile set, falling back to 1 default profile: "default"
2022-10-15 16:09:18.604  INFO 9484 --- [restartedMain] .e.DevToolsPropertyDefaultsPostProcessor : Devtools property defaults active! Set 'spring.devtools.add-properties' to 'false' to disable
2022-10-15 16:09:18.604  INFO 9484 --- [restartedMain] .e.DevToolsPropertyDefaultsPostProcessor : For additional web related logging consider setting the 'logging.level.web' property to 'DEBUG'
2022-10-15 16:09:20.105  INFO 9484 --- [restartedMain] o.s.b.w.embedded.tomcat.TomcatWebServer  : Tomcat initialized with port(s): 2063 (http)
2022-10-15 16:09:20.117  INFO 9484 --- [restartedMain] o.apache.catalina.core.StandardService   : Starting service [Tomcat]
2022-10-15 16:09:20.118  INFO 9484 --- [restartedMain] org.apache.catalina.core.StandardEngine  : Starting Servlet engine: [Apache Tomcat/9.0.65]
2022-10-15 16:09:20.264  INFO 9484 --- [restartedMain] o.a.c.c.C.[Tomcat].[localhost].[/]       : Initializing Spring embedded WebApplicationContext
2022-10-15 16:09:20.264  INFO 9484 --- [restartedMain] w.s.c.ServletWebServerApplicationContext : Root WebApplicationContext: initialization completed in 1658 ms
2022-10-15 16:09:21.009  INFO 9484 --- [restartedMain] o.s.b.d.a.OptionalLiveReloadServer       : LiveReload server is running on port 35729
2022-10-15 16:09:21.052  INFO 9484 --- [restartedMain] o.s.b.w.embedded.tomcat.TomcatWebServer  : Tomcat started on port(s): 2063 (http) with context path ''
2022-10-15 16:09:21.067  INFO 9484 --- [restartedMain] com.ali.animeapi.AnimeApiApplication     : Started AnimeApiApplication in 3.083 seconds (JVM running for 4.341)
2022-10-15 16:09:45.393  INFO 9484 --- [http-nio-2063-exec-1] o.a.c.c.C.[Tomcat].[localhost].[/]       : Initializing Spring DispatcherServlet 'dispatcherServlet'
2022-10-15 16:09:45.393  INFO 9484 --- [http-nio-2063-exec-1] o.s.web.servlet.DispatcherServlet        : Initializing Servlet 'dispatcherServlet'
2022-10-15 16:09:45.394  INFO 9484 --- [http-nio-2063-exec-1] o.s.web.servlet.DispatcherServlet        : Completed initialization in 1 ms
2022-10-15 16:09:46.362  INFO 9484 --- [http-nio-2063-exec-1] Gogoanime                                : Network: https://gogoanime.dk/kage-no-jitsuryokusha-ni-naritakute-episode-1
2022-10-15 16:09:49.079  INFO 9484 --- [http-nio-2063-exec-1] Gogoanime                                : Network: https://gogohd.net/embedplus?id=MTkzMjg0&token=re3FVXkD40tbjGAjWbecEQ&expires=1665836838
2022-10-15 16:09:50.541 ERROR 9484 --- [http-nio-2063-exec-1] o.a.c.c.C.[.[.[/].[dispatcherServlet]    : Servlet.service() for servlet [dispatcherServlet] in context with path [] threw exception [Request processing failed; nested exception is java.lang.IllegalArgumentException: Expected URL scheme 'http' or 'https' but no scheme was found for gogohd...] with root cause

java.lang.IllegalArgumentException: Expected URL scheme 'http' or 'https' but no scheme was found for gogohd...
	at okhttp3.HttpUrl$Builder.parse$okhttp(HttpUrl.kt:1261) ~[okhttp-4.10.0.jar:na]
	at okhttp3.HttpUrl$Companion.get(HttpUrl.kt:1634) ~[okhttp-4.10.0.jar:na]
	at okhttp3.Request$Builder.url(Request.kt:184) ~[okhttp-4.10.0.jar:na]
	at com.ali.animeapi.utils.Network.GET(Network.java:27) ~[main/:na]
	at com.ali.animeapi.sources.gogoanime.Gogoanime.getEpisode(Gogoanime.java:179) ~[main/:na]
	at com.ali.animeapi.sources.AnimeSource.getAnimeEpisode(AnimeSource.java:57) ~[main/:na]
	at com.ali.animeapi.AnimeApiApplication.episode(AnimeApiApplication.java:53) ~[main/:na]
	at java.base/jdk.internal.reflect.NativeMethodAccessorImpl.invoke0(Native Method) ~[na:na]
	at java.base/jdk.internal.reflect.NativeMethodAccessorImpl.invoke(NativeMethodAccessorImpl.java:77) ~[na:na]
	at java.base/jdk.internal.reflect.DelegatingMethodAccessorImpl.invoke(DelegatingMethodAccessorImpl.java:43) ~[na:na]
	at java.base/java.lang.reflect.Method.invoke(Method.java:568) ~[na:na]
	at org.springframework.web.method.support.InvocableHandlerMethod.doInvoke(InvocableHandlerMethod.java:205) ~[spring-web-5.3.23.jar:5.3.23]
	at org.springframework.web.method.support.InvocableHandlerMethod.invokeForRequest(InvocableHandlerMethod.java:150) ~[spring-web-5.3.23.jar:5.3.23]
	at org.springframework.web.servlet.mvc.method.annotation.ServletInvocableHandlerMethod.invokeAndHandle(ServletInvocableHandlerMethod.java:117) ~[spring-webmvc-5.3.23.jar:5.3.23]
	at org.springframework.web.servlet.mvc.method.annotation.RequestMappingHandlerAdapter.invokeHandlerMethod(RequestMappingHandlerAdapter.java:895) ~[spring-webmvc-5.3.23.jar:5.3.23]
	at org.springframework.web.servlet.mvc.method.annotation.RequestMappingHandlerAdapter.handleInternal(RequestMappingHandlerAdapter.java:808) ~[spring-webmvc-5.3.23.jar:5.3.23]
	at org.springframework.web.servlet.mvc.method.AbstractHandlerMethodAdapter.handle(AbstractHandlerMethodAdapter.java:87) ~[spring-webmvc-5.3.23.jar:5.3.23]
	at org.springframework.web.servlet.DispatcherServlet.doDispatch(DispatcherServlet.java:1071) ~[spring-webmvc-5.3.23.jar:5.3.23]
	at org.springframework.web.servlet.DispatcherServlet.doService(DispatcherServlet.java:964) ~[spring-webmvc-5.3.23.jar:5.3.23]
	at org.springframework.web.servlet.FrameworkServlet.processRequest(FrameworkServlet.java:1006) ~[spring-webmvc-5.3.23.jar:5.3.23]
	at org.springframework.web.servlet.FrameworkServlet.doGet(FrameworkServlet.java:898) ~[spring-webmvc-5.3.23.jar:5.3.23]
	at javax.servlet.http.HttpServlet.service(HttpServlet.java:655) ~[tomcat-embed-core-9.0.65.jar:4.0.FR]
	at org.springframework.web.servlet.FrameworkServlet.service(FrameworkServlet.java:883) ~[spring-webmvc-5.3.23.jar:5.3.23]
	at javax.servlet.http.HttpServlet.service(HttpServlet.java:764) ~[tomcat-embed-core-9.0.65.jar:4.0.FR]
	at org.apache.catalina.core.ApplicationFilterChain.internalDoFilter(ApplicationFilterChain.java:227) ~[tomcat-embed-core-9.0.65.jar:9.0.65]
	at org.apache.catalina.core.ApplicationFilterChain.doFilter(ApplicationFilterChain.java:162) ~[tomcat-embed-core-9.0.65.jar:9.0.65]
	at org.apache.tomcat.websocket.server.WsFilter.doFilter(WsFilter.java:53) ~[tomcat-embed-websocket-9.0.65.jar:9.0.65]
	at org.apache.catalina.core.ApplicationFilterChain.internalDoFilter(ApplicationFilterChain.java:189) ~[tomcat-embed-core-9.0.65.jar:9.0.65]
	at org.apache.catalina.core.ApplicationFilterChain.doFilter(ApplicationFilterChain.java:162) ~[tomcat-embed-core-9.0.65.jar:9.0.65]
	at org.springframework.web.filter.RequestContextFilter.doFilterInternal(RequestContextFilter.java:100) ~[spring-web-5.3.23.jar:5.3.23]
	at org.springframework.web.filter.OncePerRequestFilter.doFilter(OncePerRequestFilter.java:117) ~[spring-web-5.3.23.jar:5.3.23]
	at org.apache.catalina.core.ApplicationFilterChain.internalDoFilter(ApplicationFilterChain.java:189) ~[tomcat-embed-core-9.0.65.jar:9.0.65]
	at org.apache.catalina.core.ApplicationFilterChain.doFilter(ApplicationFilterChain.java:162) ~[tomcat-embed-core-9.0.65.jar:9.0.65]
	at org.springframework.web.filter.FormContentFilter.doFilterInternal(FormContentFilter.java:93) ~[spring-web-5.3.23.jar:5.3.23]
	at org.springframework.web.filter.OncePerRequestFilter.doFilter(OncePerRequestFilter.java:117) ~[spring-web-5.3.23.jar:5.3.23]
	at org.apache.catalina.core.ApplicationFilterChain.internalDoFilter(ApplicationFilterChain.java:189) ~[tomcat-embed-core-9.0.65.jar:9.0.65]
	at org.apache.catalina.core.ApplicationFilterChain.doFilter(ApplicationFilterChain.java:162) ~[tomcat-embed-core-9.0.65.jar:9.0.65]
	at org.springframework.web.filter.CharacterEncodingFilter.doFilterInternal(CharacterEncodingFilter.java:201) ~[spring-web-5.3.23.jar:5.3.23]
	at org.springframework.web.filter.OncePerRequestFilter.doFilter(OncePerRequestFilter.java:117) ~[spring-web-5.3.23.jar:5.3.23]
	at org.apache.catalina.core.ApplicationFilterChain.internalDoFilter(ApplicationFilterChain.java:189) ~[tomcat-embed-core-9.0.65.jar:9.0.65]
	at org.apache.catalina.core.ApplicationFilterChain.doFilter(ApplicationFilterChain.java:162) ~[tomcat-embed-core-9.0.65.jar:9.0.65]
	at org.apache.catalina.core.StandardWrapperValve.invoke(StandardWrapperValve.java:197) ~[tomcat-embed-core-9.0.65.jar:9.0.65]
	at org.apache.catalina.core.StandardContextValve.invoke(StandardContextValve.java:97) ~[tomcat-embed-core-9.0.65.jar:9.0.65]
	at org.apache.catalina.authenticator.AuthenticatorBase.invoke(AuthenticatorBase.java:541) ~[tomcat-embed-core-9.0.65.jar:9.0.65]
	at org.apache.catalina.core.StandardHostValve.invoke(StandardHostValve.java:135) ~[tomcat-embed-core-9.0.65.jar:9.0.65]
	at org.apache.catalina.valves.ErrorReportValve.invoke(ErrorReportValve.java:92) ~[tomcat-embed-core-9.0.65.jar:9.0.65]
	at org.apache.catalina.core.StandardEngineValve.invoke(StandardEngineValve.java:78) ~[tomcat-embed-core-9.0.65.jar:9.0.65]
	at org.apache.catalina.connector.CoyoteAdapter.service(CoyoteAdapter.java:360) ~[tomcat-embed-core-9.0.65.jar:9.0.65]
	at org.apache.coyote.http11.Http11Processor.service(Http11Processor.java:399) ~[tomcat-embed-core-9.0.65.jar:9.0.65]
	at org.apache.coyote.AbstractProcessorLight.process(AbstractProcessorLight.java:65) ~[tomcat-embed-core-9.0.65.jar:9.0.65]
	at org.apache.coyote.AbstractProtocol$ConnectionHandler.process(AbstractProtocol.java:890) ~[tomcat-embed-core-9.0.65.jar:9.0.65]
	at org.apache.tomcat.util.net.NioEndpoint$SocketProcessor.doRun(NioEndpoint.java:1789) ~[tomcat-embed-core-9.0.65.jar:9.0.65]
	at org.apache.tomcat.util.net.SocketProcessorBase.run(SocketProcessorBase.java:49) ~[tomcat-embed-core-9.0.65.jar:9.0.65]
	at org.apache.tomcat.util.threads.ThreadPoolExecutor.runWorker(ThreadPoolExecutor.java:1191) ~[tomcat-embed-core-9.0.65.jar:9.0.65]
	at org.apache.tomcat.util.threads.ThreadPoolExecutor$Worker.run(ThreadPoolExecutor.java:659) ~[tomcat-embed-core-9.0.65.jar:9.0.65]
	at org.apache.tomcat.util.threads.TaskThread$WrappingRunnable.run(TaskThread.java:61) ~[tomcat-embed-core-9.0.65.jar:9.0.65]
	at java.base/java.lang.Thread.run(Thread.java:833) ~[na:na]

2022-10-15 16:10:29.223  INFO 8624 --- [restartedMain] com.ali.animeapi.AnimeApiApplication     : Starting AnimeApiApplication using Java 17.0.2 on DESKTOP-RC4QNB6 with PID 8624 (D:\Code\IdeaProjects\anime-api\build\classes\java\main started by Salman in D:\Code\IdeaProjects\anime-api)
2022-10-15 16:10:29.226  INFO 8624 --- [restartedMain] com.ali.animeapi.AnimeApiApplication     : No active profile set, falling back to 1 default profile: "default"
2022-10-15 16:10:29.324  INFO 8624 --- [restartedMain] .e.DevToolsPropertyDefaultsPostProcessor : Devtools property defaults active! Set 'spring.devtools.add-properties' to 'false' to disable
2022-10-15 16:10:29.324  INFO 8624 --- [restartedMain] .e.DevToolsPropertyDefaultsPostProcessor : For additional web related logging consider setting the 'logging.level.web' property to 'DEBUG'
2022-10-15 16:10:30.847  INFO 8624 --- [restartedMain] o.s.b.w.embedded.tomcat.TomcatWebServer  : Tomcat initialized with port(s): 2063 (http)
2022-10-15 16:10:30.860  INFO 8624 --- [restartedMain] o.apache.catalina.core.StandardService   : Starting service [Tomcat]
2022-10-15 16:10:30.861  INFO 8624 --- [restartedMain] org.apache.catalina.core.StandardEngine  : Starting Servlet engine: [Apache Tomcat/9.0.65]
2022-10-15 16:10:30.974  INFO 8624 --- [restartedMain] o.a.c.c.C.[Tomcat].[localhost].[/]       : Initializing Spring embedded WebApplicationContext
2022-10-15 16:10:30.974  INFO 8624 --- [restartedMain] w.s.c.ServletWebServerApplicationContext : Root WebApplicationContext: initialization completed in 1649 ms
2022-10-15 16:10:32.609  INFO 8624 --- [restartedMain] o.s.b.d.a.OptionalLiveReloadServer       : LiveReload server is running on port 35729
2022-10-15 16:10:32.762  INFO 8624 --- [restartedMain] o.s.b.w.embedded.tomcat.TomcatWebServer  : Tomcat started on port(s): 2063 (http) with context path ''
2022-10-15 16:10:32.813  INFO 8624 --- [restartedMain] com.ali.animeapi.AnimeApiApplication     : Started AnimeApiApplication in 4.109 seconds (JVM running for 5.333)
2022-10-15 16:10:36.042  INFO 8624 --- [http-nio-2063-exec-2] o.a.c.c.C.[Tomcat].[localhost].[/]       : Initializing Spring DispatcherServlet 'dispatcherServlet'
2022-10-15 16:10:36.043  INFO 8624 --- [http-nio-2063-exec-2] o.s.web.servlet.DispatcherServlet        : Initializing Servlet 'dispatcherServlet'
2022-10-15 16:10:36.045  INFO 8624 --- [http-nio-2063-exec-2] o.s.web.servlet.DispatcherServlet        : Completed initialization in 1 ms
2022-10-15 16:10:37.244  INFO 8624 --- [http-nio-2063-exec-2] Gogoanime                                : Network: https://gogoanime.dk/kage-no-jitsuryokusha-ni-naritakute-episode-1
2022-10-15 16:10:39.936  INFO 8624 --- [http-nio-2063-exec-2] Gogoanime                                : Network: https://gogohd.net/embedplus?id=MTkzMjg0&token=qXjmc8l1x4rnXTbID5w5eg&expires=1665836888
2022-10-15 16:10:41.224  INFO 8624 --- [http-nio-2063-exec-2] Gogoanime                                : Network: https://gogohd.net/encrypt-ajax.php?id=dP5BNObkX4EH7YdwC2sf3g==&&token=qXjmc8l1x4rnXTbID5w5eg&expires=1665836888&mip=0.0.0.0&refer=none&ch=d41d8cd98f00b204e9800998ecf8427e&token2=ytgxbz2Nrr87vVON5hh6-w&expires2=1665831491&op=2&alias=MTkzMjg0
2022-10-15 16:15:02.679  INFO 8624 --- [http-nio-2063-exec-5] Gogoanime                                : Network: https://gogoanime.dk/kage-no-jitsuryokusha-ni-naritakute-episode-1
2022-10-15 16:15:03.234  INFO 8624 --- [http-nio-2063-exec-5] Gogoanime                                : Network: https://gogohd.net/embedplus?id=MTkzMjg0&token=LfOqEkBJzIpk9Rjsra_p1A&expires=1665837154
2022-10-15 16:15:04.119  INFO 8624 --- [http-nio-2063-exec-5] Gogoanime                                : Network: https://gogohd.net/encrypt-ajax.php?id=dP5BNObkX4EH7YdwC2sf3g==&&token=LfOqEkBJzIpk9Rjsra_p1A&expires=1665837154&mip=0.0.0.0&refer=none&ch=d41d8cd98f00b204e9800998ecf8427e&token2=rj3AiC_hc__RlU8XqxWztQ&expires2=1665831754&op=2&alias=MTkzMjg0
2022-10-15 16:21:32.402  INFO 8624 --- [http-nio-2063-exec-8] Gogoanime                                : Network: https://gogoanime.dk/overlord-episode-1
2022-10-15 16:21:32.788  INFO 8624 --- [http-nio-2063-exec-8] Gogoanime                                : Network: https://gogohd.net/embedplus?id=NjM4ODI=&token=1crRUGgsEeRR9gdZKTE97g&expires=1665837543
2022-10-15 16:21:34.199  INFO 8624 --- [http-nio-2063-exec-8] Gogoanime                                : Network: https://gogohd.net/encrypt-ajax.php?id=dtRCq4Vk/KScO+adAXZ/Ww==&&token=1crRUGgsEeRR9gdZKTE97g&expires=1665837543&mip=0.0.0.0&refer=none&ch=d41d8cd98f00b204e9800998ecf8427e&token2=clR39MWzVzPPUwHaWe7uuw&expires2=1665832144&op=2&alias=NjM4ODI=
2022-10-15 16:21:51.178  INFO 8624 --- [http-nio-2063-exec-9] Gogoanime                                : Network: https://gogoanime.dk/date-a-live-episode-1
2022-10-15 16:21:51.511  INFO 8624 --- [http-nio-2063-exec-9] Gogoanime                                : Network: https://gogohd.net/embedplus?id=MTAyODM=&token=tozdwYjRF1VPRXl52nSAMw&expires=1665837562
2022-10-15 16:21:54.812  INFO 8624 --- [http-nio-2063-exec-9] Gogoanime                                : Network: https://gogohd.net/encrypt-ajax.php?id=ze0xVVaCZ6C2DRRJI5vp8w==&&token=tozdwYjRF1VPRXl52nSAMw&expires=1665837562&mip=0.0.0.0&refer=none&ch=d41d8cd98f00b204e9800998ecf8427e&token2=iTyFkAIkn6di2Hm8wwhNKQ&expires2=1665832165&op=2&alias=MTAyODM=
2022-10-15 17:22:26.351  INFO 3396 --- [restartedMain] com.ali.animeapi.AnimeApiApplication     : Starting AnimeApiApplication using Java 17.0.2 on DESKTOP-RC4QNB6 with PID 3396 (D:\Code\IdeaProjects\anime-api\build\classes\java\main started by Salman in D:\Code\IdeaProjects\anime-api)
2022-10-15 17:22:26.354  INFO 3396 --- [restartedMain] com.ali.animeapi.AnimeApiApplication     : No active profile set, falling back to 1 default profile: "default"
2022-10-15 17:22:26.431  INFO 3396 --- [restartedMain] .e.DevToolsPropertyDefaultsPostProcessor : Devtools property defaults active! Set 'spring.devtools.add-properties' to 'false' to disable
2022-10-15 17:22:26.432  INFO 3396 --- [restartedMain] .e.DevToolsPropertyDefaultsPostProcessor : For additional web related logging consider setting the 'logging.level.web' property to 'DEBUG'
2022-10-15 17:22:27.924  INFO 3396 --- [restartedMain] o.s.b.w.embedded.tomcat.TomcatWebServer  : Tomcat initialized with port(s): 2063 (http)
2022-10-15 17:22:27.939  INFO 3396 --- [restartedMain] o.apache.catalina.core.StandardService   : Starting service [Tomcat]
2022-10-15 17:22:27.939  INFO 3396 --- [restartedMain] org.apache.catalina.core.StandardEngine  : Starting Servlet engine: [Apache Tomcat/9.0.65]
2022-10-15 17:22:28.073  INFO 3396 --- [restartedMain] o.a.c.c.C.[Tomcat].[localhost].[/]       : Initializing Spring embedded WebApplicationContext
2022-10-15 17:22:28.074  INFO 3396 --- [restartedMain] w.s.c.ServletWebServerApplicationContext : Root WebApplicationContext: initialization completed in 1641 ms
2022-10-15 17:22:28.918  INFO 3396 --- [restartedMain] o.s.b.d.a.OptionalLiveReloadServer       : LiveReload server is running on port 35729
2022-10-15 17:22:28.968  INFO 3396 --- [restartedMain] o.s.b.w.embedded.tomcat.TomcatWebServer  : Tomcat started on port(s): 2063 (http) with context path ''
2022-10-15 17:22:28.982  INFO 3396 --- [restartedMain] com.ali.animeapi.AnimeApiApplication     : Started AnimeApiApplication in 3.21 seconds (JVM running for 5.14)
2022-10-15 17:23:00.050  INFO 3396 --- [http-nio-2063-exec-2] o.a.c.c.C.[Tomcat].[localhost].[/]       : Initializing Spring DispatcherServlet 'dispatcherServlet'
2022-10-15 17:23:00.050  INFO 3396 --- [http-nio-2063-exec-2] o.s.web.servlet.DispatcherServlet        : Initializing Servlet 'dispatcherServlet'
2022-10-15 17:23:00.056  INFO 3396 --- [http-nio-2063-exec-2] o.s.web.servlet.DispatcherServlet        : Completed initialization in 5 ms
2022-10-15 17:23:00.161  INFO 3396 --- [http-nio-2063-exec-2] Gogoanime                                : Requested: getEpisode(); name=date-a-live, episode=1
2022-10-15 17:23:00.982  INFO 3396 --- [http-nio-2063-exec-2] Gogoanime                                : Network: https://gogoanime.dk/date-a-live-episode-1
2022-10-15 17:23:01.740  INFO 3396 --- [http-nio-2063-exec-2] Gogoanime                                : Network: https://gogohd.net/embedplus?id=MTAyODM=&token=YdxtOyUHSt6l8-iEUyc_Xw&expires=1665841232
2022-10-15 17:23:03.078  INFO 3396 --- [http-nio-2063-exec-2] Gogoanime                                : Network: https://gogohd.net/encrypt-ajax.php?id=ze0xVVaCZ6C2DRRJI5vp8w==&&token=YdxtOyUHSt6l8-iEUyc_Xw&expires=1665841232&mip=0.0.0.0&refer=none&ch=d41d8cd98f00b204e9800998ecf8427e&token2=Kvnt7Gdc93axEhs4wR2prQ&expires2=1665835833&op=2&alias=MTAyODM=
2022-10-15 17:23:03.491  INFO 3396 --- [http-nio-2063-exec-2] Gogoanime                                : Response: Success!
2022-10-15 17:23:17.393  INFO 3396 --- [http-nio-2063-exec-3] Gogoanime                                : Requested: getEpisode(); name=date-a-live-iv, episode=1
2022-10-15 17:23:17.398  INFO 3396 --- [http-nio-2063-exec-3] Gogoanime                                : Network: https://gogoanime.dk/date-a-live-iv-episode-1
2022-10-15 17:23:17.940  INFO 3396 --- [http-nio-2063-exec-3] Gogoanime                                : Network: https://gogohd.net/embedplus?id=MTg0MDY4&token=3sX6yaAPRVYx2E20NgPwJA&expires=1665841248
2022-10-15 17:23:18.605  INFO 3396 --- [http-nio-2063-exec-3] Gogoanime                                : Network: https://gogohd.net/encrypt-ajax.php?id=TW8cvCnZsMyedfny6IDrdQ==&&token=3sX6yaAPRVYx2E20NgPwJA&expires=1665841248&mip=0.0.0.0&refer=none&ch=d41d8cd98f00b204e9800998ecf8427e&token2=TxTt-NccssZ4Dkc9zWplEQ&expires2=1665835849&op=2&alias=MTg0MDY4
2022-10-15 17:23:19.140  INFO 3396 --- [http-nio-2063-exec-3] Gogoanime                                : Response: Success!
2022-10-15 17:23:25.010  INFO 3396 --- [http-nio-2063-exec-4] Gogoanime                                : Requested: getEpisode(); name=date-a-live-iv, episode=9
2022-10-15 17:23:25.022  INFO 3396 --- [http-nio-2063-exec-4] Gogoanime                                : Network: https://gogoanime.dk/date-a-live-iv-episode-9
2022-10-15 17:23:25.380  INFO 3396 --- [http-nio-2063-exec-4] Gogoanime                                : Network: https://gogohd.net/embedplus?id=MTg3MzM3&token=dAcDgqP6xkQipTnDUpLkRQ&expires=1665841256
2022-10-15 17:23:28.119  INFO 3396 --- [http-nio-2063-exec-4] Gogoanime                                : Network: https://gogohd.net/encrypt-ajax.php?id=Pyfv4qG7Ha9z7Yqk195qHQ==&&token=dAcDgqP6xkQipTnDUpLkRQ&expires=1665841256&mip=0.0.0.0&refer=none&ch=d41d8cd98f00b204e9800998ecf8427e&token2=_G7s9i4WhJZpYraT8zeATQ&expires2=1665835858&op=2&alias=MTg3MzM3
2022-10-15 17:23:30.135  INFO 3396 --- [http-nio-2063-exec-4] Gogoanime                                : Response: Success!
2022-10-15 17:44:59.767  INFO 12972 --- [restartedMain] com.ali.animeapi.AnimeApiApplication     : Starting AnimeApiApplication using Java 17.0.2 on DESKTOP-RC4QNB6 with PID 12972 (D:\Code\IdeaProjects\anime-api\build\classes\java\main started by Salman in D:\Code\IdeaProjects\anime-api)
2022-10-15 17:44:59.771  INFO 12972 --- [restartedMain] com.ali.animeapi.AnimeApiApplication     : No active profile set, falling back to 1 default profile: "default"
2022-10-15 17:44:59.917  INFO 12972 --- [restartedMain] .e.DevToolsPropertyDefaultsPostProcessor : Devtools property defaults active! Set 'spring.devtools.add-properties' to 'false' to disable
2022-10-15 17:44:59.918  INFO 12972 --- [restartedMain] .e.DevToolsPropertyDefaultsPostProcessor : For additional web related logging consider setting the 'logging.level.web' property to 'DEBUG'
2022-10-15 17:45:02.202  INFO 12972 --- [restartedMain] o.s.b.w.embedded.tomcat.TomcatWebServer  : Tomcat initialized with port(s): 2063 (http)
2022-10-15 17:45:02.220  INFO 12972 --- [restartedMain] o.apache.catalina.core.StandardService   : Starting service [Tomcat]
2022-10-15 17:45:02.221  INFO 12972 --- [restartedMain] org.apache.catalina.core.StandardEngine  : Starting Servlet engine: [Apache Tomcat/9.0.65]
2022-10-15 17:45:02.431  INFO 12972 --- [restartedMain] o.a.c.c.C.[Tomcat].[localhost].[/]       : Initializing Spring embedded WebApplicationContext
2022-10-15 17:45:02.432  INFO 12972 --- [restartedMain] w.s.c.ServletWebServerApplicationContext : Root WebApplicationContext: initialization completed in 2512 ms
2022-10-15 17:45:03.603  INFO 12972 --- [restartedMain] o.s.b.d.a.OptionalLiveReloadServer       : LiveReload server is running on port 35729
2022-10-15 17:45:03.681  INFO 12972 --- [restartedMain] o.s.b.w.embedded.tomcat.TomcatWebServer  : Tomcat started on port(s): 2063 (http) with context path ''
2022-10-15 17:45:03.707  INFO 12972 --- [restartedMain] com.ali.animeapi.AnimeApiApplication     : Started AnimeApiApplication in 4.804 seconds (JVM running for 6.555)
2022-10-15 17:45:09.427  INFO 12972 --- [http-nio-2063-exec-1] o.a.c.c.C.[Tomcat].[localhost].[/]       : Initializing Spring DispatcherServlet 'dispatcherServlet'
2022-10-15 17:45:09.427  INFO 12972 --- [http-nio-2063-exec-1] o.s.web.servlet.DispatcherServlet        : Initializing Servlet 'dispatcherServlet'
2022-10-15 17:45:09.431  INFO 12972 --- [http-nio-2063-exec-1] o.s.web.servlet.DispatcherServlet        : Completed initialization in 3 ms
2022-10-15 17:45:09.528  INFO 12972 --- [http-nio-2063-exec-1] Gogoanime                                : Requested: getSearch(); q=date-a-live-iv
2022-10-15 17:45:10.648  INFO 12972 --- [http-nio-2063-exec-1] Gogoanime                                : Network: https://ajax.gogo-load.com/site/loadAjaxSearch?keyword=date-a-live-iv&id=-1&link_web=https://gogoanime.dk/
2022-10-15 17:45:11.151  INFO 12972 --- [http-nio-2063-exec-1] Gogoanime                                : Process: 5 threads
2022-10-15 17:45:11.161  INFO 12972 --- [http-nio-2063-exec-1] Gogoanime                                : Response: Success!
2022-10-15 17:46:11.431  INFO 12972 --- [http-nio-2063-exec-3] Gogoanime                                : Requested: getSearch(); q=date a 
2022-10-15 17:46:11.437  INFO 12972 --- [http-nio-2063-exec-3] Gogoanime                                : Network: https://ajax.gogo-load.com/site/loadAjaxSearch?keyword=date%20a%20&id=-1&link_web=https://gogoanime.dk/
2022-10-15 17:46:12.164  INFO 12972 --- [http-nio-2063-exec-3] Gogoanime                                : Process: 10 threads
2022-10-15 17:46:12.178  INFO 12972 --- [http-nio-2063-exec-3] Gogoanime                                : Response: Success!
